{"content": {"suites": {"0": {"status": {"total_pass": 53, "total_skip": 0, "total_xpass": 0, "total_xfail": 0, "total_rerun": 0, "total_fail": 9, "total_error": 0}, "tests": {"0": {"status": "PASS", "message": "", "test_name": "test_BasariliGirisKontrolu", "rerun": "0"}, "1": {"status": "PASS", "message": "", "test_name": "test_EpostaveyaSifreGirilmediginde", "rerun": "0"}, "2": {"status": "PASS", "message": "", "test_name": "test_EpostaveyaSifreHataliGirildiginde", "rerun": "0"}, "3": {"status": "PASS", "message": "", "test_name": "test_SifreSifirlamaEpostaGonderme", "rerun": "0"}, "4": {"status": "PASS", "message": "", "test_name": "test_SifreSifirlamaDurumundaHataliEpostaGirilmesi", "rerun": "0"}, "5": {"status": "PASS", "message": "", "test_name": "test_BasariliGirisKontrolu", "rerun": "0"}, "6": {"status": "PASS", "message": "", "test_name": "test_ChatBotMesajBolumuKontrol", "rerun": "0"}, "7": {"status": "PASS", "message": "", "test_name": "test_ChatBotMesajBolumunuSonlandirma", "rerun": "0"}, "8": {"status": "PASS", "message": "", "test_name": "test_EmojiKontrolu", "rerun": "0"}, "9": {"status": "PASS", "message": "", "test_name": "test_DosyaKontrolu", "rerun": "0"}, "10": {"status": "PASS", "message": "", "test_name": "test_FiltresizTumEgitimlerinTakvimdeGosterilmesi", "rerun": "0"}, "11": {"status": "PASS", "message": "", "test_name": "test_EgitimAramaFiltresininKontrolu", "rerun": "0"}, "12": {"status": "PASS", "message": "", "test_name": "test_EgitmenAramaFiltresininKontrolu", "rerun": "0"}, "13": {"status": "FAIL", "message": "   selenium.common.exceptions.TimeoutException: Message: \n   Stacktrace:\n   \tGetHandleVerifier [0x00B7C1C3+27395]\n   \t(No symbol) [0x00B13DC4]\n   \t(No symbol) [0x00A11B7F]\n   \t(No symbol) [0x00A52C65]\n   \t(No symbol) [0x00A52D3B]\n   \t(No symbol) [0x00A8EC82]\n   \t(No symbol) [0x00A739E4]\n   \t(No symbol) [0x00A8CB24]\n   \t(No symbol) [0x00A73736]\n   \t(No symbol) [0x00A47541]\n   \t(No symbol) [0x00A480BD]\n   \tGetHandleVerifier [0x00E33A93+2876371]\n   \tGetHandleVerifier [0x00E87F5D+3221661]\n   \tGetHandleVerifier [0x00BFD634+556916]\n   \tGetHandleVerifier [0x00C0474C+585868]\n   \t(No symbol) [0x00B1CE04]\n   \t(No symbol) [0x00B19818]\n   \t(No symbol) [0x00B199B7]\n   \t(No symbol) [0x00B0BF0E]\n   \tBaseThreadInitThunk [0x76127BA9+25]\n   \tRtlInitializeExceptionChain [0x7711C10B+107]\n   \tRtlClearBits [0x7711C08F+191]\n", "test_name": "test_EgitmenVeEgitimAramaBirlikteKontrol", "rerun": "0"}, "14": {"status": "PASS", "message": "", "test_name": "test_TarihYonlendirmeButonlarininKontrolu", "rerun": "0"}, "15": {"status": "PASS", "message": "", "test_name": "test_TakvimPopUpninKapatilmasiKontrolu", "rerun": "0"}, "16": {"status": "PASS", "message": "", "test_name": "test_TumEgitimlerinGoruntulenmesi", "rerun": "0"}, "17": {"status": "FAIL", "message": "   selenium.common.exceptions.StaleElementReferenceException: Message: stale element reference: stale element not found in the current frame\n     (Session info: chrome=126.0.6478.127); For documentation on this error, please visit: https://www.selenium.dev/documentation/webdriver/troubleshooting/errors#stale-element-reference-exception\n   Stacktrace:\n   \tGetHandleVerifier [0x00B7C1C3+27395]\n   \t(No symbol) [0x00B13DC4]\n   \t(No symbol) [0x00A11B7F]\n   \t(No symbol) [0x00A16C7F]\n   \t(No symbol) [0x00A188F8]\n   \t(No symbol) [0x00A18970]\n   \t(No symbol) [0x00A54652]\n   \t(No symbol) [0x00A49082]\n   \t(No symbol) [0x00A7399C]\n   \t(No symbol) [0x00A48C15]\n   \t(No symbol) [0x00A73C34]\n   \t(No symbol) [0x00A8CB24]\n   \t(No symbol) [0x00A73736]\n   \t(No symbol) [0x00A47541]\n   \t(No symbol) [0x00A480BD]\n   \tGetHandleVerifier [0x00E33A93+2876371]\n   \tGetHandleVerifier [0x00E87F5D+3221661]\n   \tGetHandleVerifier [0x00BFD634+556916]\n   \tGetHandleVerifier [0x00C0474C+585868]\n   \t(No symbol) [0x00B1CE04]\n   \t(No symbol) [0x00B19818]\n   \t(No symbol) [0x00B199B7]\n   \t(No symbol) [0x00B0BF0E]\n   \tBaseThreadInitThunk [0x76127BA9+25]\n   \tRtlInitializeExceptionChain [0x7711C10B+107]\n   \tRtlClearBits [0x7711C08F+191]\n", "test_name": "test_HosgeldinizPaneliKontrolu", "rerun": "0"}, "18": {"status": "PASS", "message": "", "test_name": "test_SinavlarimButonunuKontrolu", "rerun": "0"}, "19": {"status": "FAIL", "message": "   selenium.common.exceptions.TimeoutException: Message: \n   Stacktrace:\n   \tGetHandleVerifier [0x00B7C1C3+27395]\n   \t(No symbol) [0x00B13DC4]\n   \t(No symbol) [0x00A11B7F]\n   \t(No symbol) [0x00A52C65]\n   \t(No symbol) [0x00A52D3B]\n   \t(No symbol) [0x00A8EC82]\n   \t(No symbol) [0x00A739E4]\n   \t(No symbol) [0x00A8CB24]\n   \t(No symbol) [0x00A73736]\n   \t(No symbol) [0x00A47541]\n   \t(No symbol) [0x00A480BD]\n   \tGetHandleVerifier [0x00E33A93+2876371]\n   \tGetHandleVerifier [0x00E87F5D+3221661]\n   \tGetHandleVerifier [0x00BFD634+556916]\n   \tGetHandleVerifier [0x00C0474C+585868]\n   \t(No symbol) [0x00B1CE04]\n   \t(No symbol) [0x00B19818]\n   \t(No symbol) [0x00B199B7]\n   \t(No symbol) [0x00B0BF0E]\n   \tBaseThreadInitThunk [0x76127BA9+25]\n   \tRtlInitializeExceptionChain [0x7711C10B+107]\n   \tRtlClearBits [0x7711C08F+191]\n", "test_name": "test_KisiselAlanKontrolu", "rerun": "0"}, "20": {"status": "PASS", "message": "", "test_name": "test_EgitimlerimPanelineYonlendirme", "rerun": "0"}, "21": {"status": "FAIL", "message": "  assert (334 + 1) == 333\n   +  where 333 = int('333')\n   +    where '333' = <selenium.webdriver.remote.webelement.WebElement (session=\"e3f518ec3b559a0dcf3b7da72e08226d\", element=\"f.FC56D94C0F425B3E08EA04CCC8D683F7.d.1F74D0298F01252BA4138D29481DFDDA.e.117\")>.text\n   +      where <selenium.webdriver.remote.webelement.WebElement (session=\"e3f518ec3b559a0dcf3b7da72e08226d\", element=\"f.FC56D94C0F425B3E08EA04CCC8D683F7.d.1F74D0298F01252BA4138D29481DFDDA.e.117\")> = <bound method WebDriver.find_element of <selenium.webdriver.chrome.webdriver.WebDriver (session=\"e3f518ec3b559a0dcf3b7da72e08226d\")>>('xpath', \"//*[@id='dynamicContent']/div/div[1]/div/div[2]/div/div[1]/div/div[2]/div/div[3]/div/div/span[2]/span\")\n   +        where <bound method WebDriver.find_element of <selenium.webdriver.chrome.webdriver.WebDriver (session=\"e3f518ec3b559a0dcf3b7da72e08226d\")>> = <selenium.webdriver.chrome.webdriver.WebDriver (session=\"e3f518ec3b559a0dcf3b7da72e08226d\")>.find_element\n   +          where <selenium.webdriver.chrome.webdriver.WebDriver (session=\"e3f518ec3b559a0dcf3b7da72e08226d\")> = <test_13-16.TestSENARYOSU7 object at 0x0000019F662AE270>.driver\n   +        and   'xpath' = By.XPATH\n", "test_name": "test_KullaniciyaAtananEgitimIceriklerininKontrolu", "rerun": "0"}, "22": {"status": "PASS", "message": "", "test_name": "test_EgitimlerimSayfasindaAramaYapilmasi", "rerun": "0"}, "23": {"status": "PASS", "message": "", "test_name": "test_DuyuruVeHaberlerimKisminaEri\u015fimKontrolu", "rerun": "0"}, "24": {"status": "FAIL", "message": "   selenium.common.exceptions.TimeoutException: Message: \n   Stacktrace:\n   \tGetHandleVerifier [0x00B7C1C3+27395]\n   \t(No symbol) [0x00B13DC4]\n   \t(No symbol) [0x00A11B7F]\n   \t(No symbol) [0x00A52C65]\n   \t(No symbol) [0x00A52D3B]\n   \t(No symbol) [0x00A8EC82]\n   \t(No symbol) [0x00A739E4]\n   \t(No symbol) [0x00A8CB24]\n   \t(No symbol) [0x00A73736]\n   \t(No symbol) [0x00A47541]\n   \t(No symbol) [0x00A480BD]\n   \tGetHandleVerifier [0x00E33A93+2876371]\n   \tGetHandleVerifier [0x00E87F5D+3221661]\n   \tGetHandleVerifier [0x00BFD634+556916]\n   \tGetHandleVerifier [0x00C0474C+585868]\n   \t(No symbol) [0x00B1CE04]\n   \t(No symbol) [0x00B19818]\n   \t(No symbol) [0x00B199B7]\n   \t(No symbol) [0x00B0BF0E]\n   \tBaseThreadInitThunk [0x76127BA9+25]\n   \tRtlInitializeExceptionChain [0x7711C10B+107]\n   \tRtlClearBits [0x7711C08F+191]\n", "test_name": "test_DuyuruVeHaberlerimKismiFiltrelemeIslemlerininKontrolu", "rerun": "0"}, "25": {"status": "PASS", "message": "", "test_name": "test_ProfilBilgileriSayfasinaGecis", "rerun": "0"}, "26": {"status": "PASS", "message": "", "test_name": "test_ProfilBilgileriSayfasindaDuzenlemeIslemi", "rerun": "0"}, "27": {"status": "PASS", "message": "", "test_name": "test_SertifikaBolumununKontrolu", "rerun": "0"}, "28": {"status": "PASS", "message": "", "test_name": "test_RaporGoruntulemeKontrol", "rerun": "0"}, "29": {"status": "PASS", "message": "", "test_name": "test_CoktanSecmeliDerslerinRaporGoruntulenmes\u0131", "rerun": "0"}, "30": {"status": "PASS", "message": "", "test_name": "test_YetkinlikDetaylarinaAitAltBasliklarinAcilirPenceredeGoruntulenmesi", "rerun": "0"}, "31": {"status": "PASS", "message": "", "test_name": "test_AnalizRaporuGoruntuleme", "rerun": "0"}, "32": {"status": "PASS", "message": "", "test_name": "test_profil_basliklarinin_kontrolu", "rerun": "0"}, "33": {"status": "PASS", "message": "", "test_name": "test_kisiselbilgileringuncellenmesi", "rerun": "0"}, "34": {"status": "PASS", "message": "", "test_name": "test_profilresmieklekontrol", "rerun": "0"}, "35": {"status": "PASS", "message": "", "test_name": "test_TCKN11HanedenFazlaKontrol", "rerun": "0"}, "36": {"status": "PASS", "message": "", "test_name": "test_TCKNBosBirakmaKontrol", "rerun": "0"}, "37": {"status": "PASS", "message": "", "test_name": "test_MahalleKarakterKontrol", "rerun": "0"}, "38": {"status": "PASS", "message": "", "test_name": "test_HakkindaKarakterKontrol", "rerun": "0"}, "39": {"status": "PASS", "message": "", "test_name": "test_BasariliDeneyimEklemesi", "rerun": "0"}, "40": {"status": "PASS", "message": "", "test_name": "test_IsAciklamasiKarakterKontrolu", "rerun": "0"}, "41": {"status": "PASS", "message": "", "test_name": "test_KurumSektorEnAzKarakterKontrolu", "rerun": "0"}, "42": {"status": "PASS", "message": "", "test_name": "test_KurumSektorPozisyonEnFazlaKarakterKontrolu", "rerun": "0"}, "43": {"status": "PASS", "message": "", "test_name": "test_KurumSektorPozisyonBosBirakilmaKontrolu", "rerun": "0"}, "44": {"status": "PASS", "message": "", "test_name": "test_BasariliEgitimEkleme", "rerun": "0"}, "45": {"status": "FAIL", "message": "   selenium.common.exceptions.TimeoutException: Message: \n   Stacktrace:\n   \tGetHandleVerifier [0x00B7C1C3+27395]\n   \t(No symbol) [0x00B13DC4]\n   \t(No symbol) [0x00A11B7F]\n   \t(No symbol) [0x00A52C65]\n   \t(No symbol) [0x00A52D3B]\n   \t(No symbol) [0x00A8EC82]\n   \t(No symbol) [0x00A739E4]\n   \t(No symbol) [0x00A8CB24]\n   \t(No symbol) [0x00A73736]\n   \t(No symbol) [0x00A47541]\n   \t(No symbol) [0x00A480BD]\n   \tGetHandleVerifier [0x00E33A93+2876371]\n   \tGetHandleVerifier [0x00E87F5D+3221661]\n   \tGetHandleVerifier [0x00BFD634+556916]\n   \tGetHandleVerifier [0x00C0474C+585868]\n   \t(No symbol) [0x00B1CE04]\n   \t(No symbol) [0x00B19818]\n   \t(No symbol) [0x00B199B7]\n   \t(No symbol) [0x00B0BF0E]\n   \tBaseThreadInitThunk [0x76127BA9+25]\n   \tRtlInitializeExceptionChain [0x7711C10B+107]\n   \tRtlClearBits [0x7711C08F+191]\n", "test_name": "test_BasariliYetkinlikEklenmesi", "rerun": "0"}, "46": {"status": "PASS", "message": "", "test_name": "test_BosBirakilanYetkinlikKontrol", "rerun": "0"}, "47": {"status": "PASS", "message": "", "test_name": "test_SecillenYetkinliginSilinmesiKontrol", "rerun": "0"}, "48": {"status": "PASS", "message": "", "test_name": "test_BasariliSertifikaEklemeKontrol", "rerun": "0"}, "49": {"status": "PASS", "message": "", "test_name": "test_BasarisizSertifikaEklemeKontrol", "rerun": "0"}, "50": {"status": "PASS", "message": "", "test_name": "test_SertifikaSilmeKontrol", "rerun": "0"}, "51": {"status": "PASS", "message": "", "test_name": "test_BasariliSosyalMedyaEklemeKontrol", "rerun": "0"}, "52": {"status": "FAIL", "message": "   selenium.common.exceptions.StaleElementReferenceException: Message: stale element reference: stale element not found in the current frame\n     (Session info: chrome=126.0.6478.127); For documentation on this error, please visit: https://www.selenium.dev/documentation/webdriver/troubleshooting/errors#stale-element-reference-exception\n   Stacktrace:\n   \tGetHandleVerifier [0x00B7C1C3+27395]\n   \t(No symbol) [0x00B13DC4]\n   \t(No symbol) [0x00A11B7F]\n   \t(No symbol) [0x00A16C7F]\n   \t(No symbol) [0x00A188F8]\n   \t(No symbol) [0x00A18970]\n   \t(No symbol) [0x00A548D1]\n   \t(No symbol) [0x00A53B54]\n   \t(No symbol) [0x00A4918F]\n   \t(No symbol) [0x00A7399C]\n   \t(No symbol) [0x00A48C15]\n   \t(No symbol) [0x00A73C34]\n   \t(No symbol) [0x00A8CB24]\n   \t(No symbol) [0x00A73736]\n   \t(No symbol) [0x00A47541]\n   \t(No symbol) [0x00A480BD]\n   \tGetHandleVerifier [0x00E33A93+2876371]\n   \tGetHandleVerifier [0x00E87F5D+3221661]\n   \tGetHandleVerifier [0x00BFD634+556916]\n   \tGetHandleVerifier [0x00C0474C+585868]\n   \t(No symbol) [0x00B1CE04]\n   \t(No symbol) [0x00B19818]\n   \t(No symbol) [0x00B199B7]\n   \t(No symbol) [0x00B0BF0E]\n   \tBaseThreadInitThunk [0x76127BA9+25]\n   \tRtlInitializeExceptionChain [0x7711C10B+107]\n   \tRtlClearBits [0x7711C08F+191]\n", "test_name": "test_SosyalMedyaBosBirakmaKontrol", "rerun": "0"}, "53": {"status": "FAIL", "message": "   selenium.common.exceptions.ElementNotInteractableException: Message: element not interactable\n     (Session info: chrome=126.0.6478.127)\n   Stacktrace:\n   \tGetHandleVerifier [0x00B7C1C3+27395]\n   \t(No symbol) [0x00B13DC4]\n   \t(No symbol) [0x00A119FD]\n   \t(No symbol) [0x00A4DA69]\n   \t(No symbol) [0x00A4C3B5]\n   \t(No symbol) [0x00A7399C]\n   \t(No symbol) [0x00A48C15]\n   \t(No symbol) [0x00A73C34]\n   \t(No symbol) [0x00A8CB24]\n   \t(No symbol) [0x00A73736]\n   \t(No symbol) [0x00A47541]\n   \t(No symbol) [0x00A480BD]\n   \tGetHandleVerifier [0x00E33A93+2876371]\n   \tGetHandleVerifier [0x00E87F5D+3221661]\n   \tGetHandleVerifier [0x00BFD634+556916]\n   \tGetHandleVerifier [0x00C0474C+585868]\n   \t(No symbol) [0x00B1CE04]\n   \t(No symbol) [0x00B19818]\n   \t(No symbol) [0x00B199B7]\n   \t(No symbol) [0x00B0BF0E]\n   \tBaseThreadInitThunk [0x76127BA9+25]\n   \tRtlInitializeExceptionChain [0x7711C10B+107]\n   \tRtlClearBits [0x7711C08F+191]\n", "test_name": "test_SosyalMedyaEklemedeSinirKontrol", "rerun": "0"}, "54": {"status": "PASS", "message": "", "test_name": "test_SosyalMedyaSilmeKontrol", "rerun": "0"}, "55": {"status": "PASS", "message": "", "test_name": "test_BasariliYabanciDilEklemeKontrol", "rerun": "0"}, "56": {"status": "FAIL", "message": "   selenium.common.exceptions.TimeoutException: Message: \n   Stacktrace:\n   \tGetHandleVerifier [0x00B7C1C3+27395]\n   \t(No symbol) [0x00B13DC4]\n   \t(No symbol) [0x00A11B7F]\n   \t(No symbol) [0x00A52C65]\n   \t(No symbol) [0x00A52D3B]\n   \t(No symbol) [0x00A8EC82]\n   \t(No symbol) [0x00A739E4]\n   \t(No symbol) [0x00A8CB24]\n   \t(No symbol) [0x00A73736]\n   \t(No symbol) [0x00A47541]\n   \t(No symbol) [0x00A480BD]\n   \tGetHandleVerifier [0x00E33A93+2876371]\n   \tGetHandleVerifier [0x00E87F5D+3221661]\n   \tGetHandleVerifier [0x00BFD634+556916]\n   \tGetHandleVerifier [0x00C0474C+585868]\n   \t(No symbol) [0x00B1CE04]\n   \t(No symbol) [0x00B19818]\n   \t(No symbol) [0x00B199B7]\n   \t(No symbol) [0x00B0BF0E]\n   \tBaseThreadInitThunk [0x76127BA9+25]\n   \tRtlInitializeExceptionChain [0x7711C10B+107]\n   \tRtlClearBits [0x7711C08F+191]\n", "test_name": "test_YabanciDilBosBirakmaKontrol", "rerun": "0"}, "57": {"status": "PASS", "message": "", "test_name": "test_YabanciDilSilmeKontrol", "rerun": "0"}, "58": {"status": "PASS", "message": "", "test_name": "test_SifreDegisimindeBosAlanKontrol", "rerun": "0"}, "59": {"status": "PASS", "message": "", "test_name": "test_SifreKarakterKontrolu", "rerun": "0"}, "60": {"status": "PASS", "message": "", "test_name": "test_SifreEslesmeKontrolu", "rerun": "0"}, "61": {"status": "PASS", "message": "", "test_name": "test_SifreTekrariKontrolu", "rerun": "0"}}, "suite_name": "test_13-16.py"}}}, "date": "Temmuz 01, 2024", "start_time": 1719855060.2178109, "total_suite": 1, "status": "FAIL", "status_list": {"pass": "53", "fail": "9", "skip": "0", "error": "0", "xpass": "0", "xfail": "0", "rerun": "0"}, "total_tests": "62"}